<?xml version="1.0" encoding="UTF-8" ?>
<testsuite tests="2" failures="0" name="com.qa.runners.MyRunnerTest" time="0.244" errors="2" skipped="0">
  <properties>
    <property name="idea.version" value="2022.3.2"/>
    <property name="java.runtime.name" value="Java(TM) SE Runtime Environment"/>
    <property name="java.vm.version" value="17.0.10+11-LTS-240"/>
    <property name="sun.boot.library.path" value="C:\Program Files\Java\jdk-17\bin"/>
    <property name="maven.multiModuleProjectDirectory" value="C:\Users\itpro\Downloads\CucumberBDD_Basic\GoogleMapsPOC-main"/>
    <property name="java.vm.vendor" value="Oracle Corporation"/>
    <property name="java.vendor.url" value="https://java.oracle.com/"/>
    <property name="guice.disable.misplaced.annotation.check" value="true"/>
    <property name="path.separator" value=";"/>
    <property name="java.vm.name" value="Java HotSpot(TM) 64-Bit Server VM"/>
    <property name="sun.os.patch.level" value=""/>
    <property name="user.script" value=""/>
    <property name="user.country" value="IN"/>
    <property name="sun.java.launcher" value="SUN_STANDARD"/>
    <property name="java.vm.specification.name" value="Java Virtual Machine Specification"/>
    <property name="user.dir" value="C:\Users\itpro\Downloads\CucumberBDD_Basic\GoogleMapsPOC-main"/>
    <property name="java.vm.compressedOopsMode" value="Zero based"/>
    <property name="java.runtime.version" value="17.0.10+11-LTS-240"/>
    <property name="os.arch" value="amd64"/>
    <property name="java.io.tmpdir" value="C:\Users\itpro\AppData\Local\Temp\"/>
    <property name="line.separator" value="
"/>
    <property name="java.vm.specification.vendor" value="Oracle Corporation"/>
    <property name="user.variant" value=""/>
    <property name="os.name" value="Windows 10"/>
    <property name="maven.ext.class.path" value="C:\Users\itpro\AppData\Local\JetBrains\IntelliJ IDEA Community Edition 2022.3.2\plugins\maven\lib\maven-event-listener.jar"/>
    <property name="classworlds.conf" value="C:\Users\itpro\AppData\Local\JetBrains\IntelliJ IDEA Community Edition 2022.3.2\plugins\maven\lib\maven3\bin\m2.conf"/>
    <property name="sun.jnu.encoding" value="Cp1252"/>
    <property name="java.library.path" value="C:\Program Files\Java\jdk-17\bin;C:\Windows\Sun\Java\bin;C:\Windows\system32;C:\Windows;C:\Program Files\Java\jdk-17\bin;C:\Program Files\Common Files\Oracle\Java\javapath;C:\Users\itpro\AppData\Local\Android\Sdk\platform-tools;C:\Python312\Scripts\;C:\Python312\;C:\Python311\Scripts\;C:\Python311\;C:\Windows\system32;C:\Windows;C:\Windows\System32\Wbem;C:\Windows\System32\WindowsPowerShell\v1.0\;C:\Windows\System32\OpenSSH\;C:\Program Files\Git\cmd;C:\Maven\bin;C:\ProgramData\chocolatey\bin;C:\Program Files\dotnet\;C:\Program Files\nodejs\;C:\Users\itpro\AppData\Local\Microsoft\WindowsApps;;C:\Users\itpro\AppData\Local\JetBrains\IntelliJ IDEA Community Edition 2022.3.2\bin;;C:\Users\itpro\AppData\Local\Programs\Microsoft VS Code\bin;C:\Users\itpro\AppData\Roaming\npm;."/>
    <property name="jansi.passthrough" value="true"/>
    <property name="maven.conf" value="C:\Users\itpro\AppData\Local\JetBrains\IntelliJ IDEA Community Edition 2022.3.2\plugins\maven\lib\maven3/conf"/>
    <property name="jdk.debug" value="release"/>
    <property name="java.class.version" value="61.0"/>
    <property name="java.specification.name" value="Java Platform API Specification"/>
    <property name="sun.management.compiler" value="HotSpot 64-Bit Tiered Compilers"/>
    <property name="os.version" value="10.0"/>
    <property name="user.home" value="C:\Users\itpro"/>
    <property name="user.timezone" value="Europe/London"/>
    <property name="file.encoding" value="UTF-8"/>
    <property name="java.specification.version" value="17"/>
    <property name="user.name" value="itpro"/>
    <property name="java.class.path" value="C:\Users\itpro\AppData\Local\JetBrains\IntelliJ IDEA Community Edition 2022.3.2\plugins\maven\lib\maven3\boot\plexus-classworlds-2.6.0.jar;C:\Users\itpro\AppData\Local\JetBrains\IntelliJ IDEA Community Edition 2022.3.2\plugins\maven\lib\maven3\boot\plexus-classworlds.license"/>
    <property name="java.vm.specification.version" value="17"/>
    <property name="sun.arch.data.model" value="64"/>
    <property name="sun.java.command" value="org.codehaus.classworlds.Launcher -Didea.version=2022.3.2 clean install"/>
    <property name="java.home" value="C:\Program Files\Java\jdk-17"/>
    <property name="user.language" value="en"/>
    <property name="java.specification.vendor" value="Oracle Corporation"/>
    <property name="java.vm.info" value="mixed mode, sharing"/>
    <property name="java.version" value="17.0.10"/>
    <property name="native.encoding" value="Cp1252"/>
    <property name="java.vendor" value="Oracle Corporation"/>
    <property name="maven.home" value="C:\Users\itpro\AppData\Local\JetBrains\IntelliJ IDEA Community Edition 2022.3.2\plugins\maven\lib\maven3"/>
    <property name="file.separator" value="\"/>
    <property name="java.version.date" value="2024-01-16"/>
    <property name="java.vendor.url.bug" value="https://bugreport.java.com/bugreport/"/>
    <property name="sun.io.unicode.encoding" value="UnicodeLittle"/>
    <property name="sun.cpu.endian" value="little"/>
    <property name="sun.cpu.isalist" value="amd64"/>
  </properties>
  <testcase classname="Google Maps Proof Of Concept" name="GMaps search for restaurants nearby" time="0.234">
    <error message="&apos;void org.openqa.selenium.remote.http.ClientConfig.&lt;init&gt;(java.net.URI, java.time.Duration, java.time.Duration, org.openqa.selenium.remote.http.Filter, java.net.Proxy, org.openqa.selenium.Credentials)&apos;" type="java.lang.NoSuchMethodError">java.lang.NoSuchMethodError: &apos;void org.openqa.selenium.remote.http.ClientConfig.&lt;init&gt;(java.net.URI, java.time.Duration, java.time.Duration, org.openqa.selenium.remote.http.Filter, java.net.Proxy, org.openqa.selenium.Credentials)&apos;
	at io.appium.java_client.AppiumClientConfig.&lt;init&gt;(AppiumClientConfig.java:62)
	at io.appium.java_client.AppiumClientConfig.defaultConfig(AppiumClientConfig.java:79)
	at io.appium.java_client.remote.AppiumCommandExecutor.&lt;init&gt;(AppiumCommandExecutor.java:109)
	at io.appium.java_client.AppiumDriver.&lt;init&gt;(AppiumDriver.java:92)
	at io.appium.java_client.android.AndroidDriver.&lt;init&gt;(AndroidDriver.java:117)
	at com.qa.stepdef.Hooks.initialize(Hooks.java:41)
</error>
    <system-out>
Scenario: GMaps search for restaurants nearby # src/test/resources/GoogleMapsPOC.feature:3
      java.lang.NoSuchMethodError: &apos;void org.openqa.selenium.remote.http.ClientConfig.&lt;init&gt;(java.net.URI, java.time.Duration, java.time.Duration, org.openqa.selenium.remote.http.Filter, java.net.Proxy, org.openqa.selenium.Credentials)&apos;
	at io.appium.java_client.AppiumClientConfig.&lt;init&gt;(AppiumClientConfig.java:62)
	at io.appium.java_client.AppiumClientConfig.defaultConfig(AppiumClientConfig.java:79)
	at io.appium.java_client.remote.AppiumCommandExecutor.&lt;init&gt;(AppiumCommandExecutor.java:109)
	at io.appium.java_client.AppiumDriver.&lt;init&gt;(AppiumDriver.java:92)
	at io.appium.java_client.android.AndroidDriver.&lt;init&gt;(AndroidDriver.java:117)
	at com.qa.stepdef.Hooks.initialize(Hooks.java:41)

  Given Open Google Maps                      # com.qa.stepdef.GoogleMapsStepDef.openGoogleMaps()
  Then Search for Nearby Restaurants          # com.qa.stepdef.GoogleMapsStepDef.searchForNearbyRestaurants()
  Then Open only opened restaurants nearby    # com.qa.stepdef.GoogleMapsStepDef.openOnlyOpenedRestaurantsNearby()
  And Confirm it is open                      # com.qa.stepdef.GoogleMapsStepDef.confirmItIsOpen()
  And Get back to Map view                    # com.qa.stepdef.GoogleMapsStepDef.getBackToMapView()
</system-out>
  </testcase>
  <testcase classname="Google Maps Proof Of Concept" name="GMaps get distance to Marina beach" time="0.01">
    <error message="&apos;void org.openqa.selenium.remote.http.ClientConfig.&lt;init&gt;(java.net.URI, java.time.Duration, java.time.Duration, org.openqa.selenium.remote.http.Filter, java.net.Proxy, org.openqa.selenium.Credentials)&apos;" type="java.lang.NoSuchMethodError">java.lang.NoSuchMethodError: &apos;void org.openqa.selenium.remote.http.ClientConfig.&lt;init&gt;(java.net.URI, java.time.Duration, java.time.Duration, org.openqa.selenium.remote.http.Filter, java.net.Proxy, org.openqa.selenium.Credentials)&apos;
	at io.appium.java_client.AppiumClientConfig.&lt;init&gt;(AppiumClientConfig.java:62)
	at io.appium.java_client.AppiumClientConfig.defaultConfig(AppiumClientConfig.java:79)
	at io.appium.java_client.remote.AppiumCommandExecutor.&lt;init&gt;(AppiumCommandExecutor.java:109)
	at io.appium.java_client.AppiumDriver.&lt;init&gt;(AppiumDriver.java:92)
	at io.appium.java_client.android.AndroidDriver.&lt;init&gt;(AndroidDriver.java:117)
	at com.qa.stepdef.Hooks.initialize(Hooks.java:41)
</error>
    <system-out>
Scenario: GMaps get distance to Marina beach # src/test/resources/GoogleMapsPOC.feature:10
      java.lang.NoSuchMethodError: &apos;void org.openqa.selenium.remote.http.ClientConfig.&lt;init&gt;(java.net.URI, java.time.Duration, java.time.Duration, org.openqa.selenium.remote.http.Filter, java.net.Proxy, org.openqa.selenium.Credentials)&apos;
	at io.appium.java_client.AppiumClientConfig.&lt;init&gt;(AppiumClientConfig.java:62)
	at io.appium.java_client.AppiumClientConfig.defaultConfig(AppiumClientConfig.java:79)
	at io.appium.java_client.remote.AppiumCommandExecutor.&lt;init&gt;(AppiumCommandExecutor.java:109)
	at io.appium.java_client.AppiumDriver.&lt;init&gt;(AppiumDriver.java:92)
	at io.appium.java_client.android.AndroidDriver.&lt;init&gt;(AndroidDriver.java:117)
	at com.qa.stepdef.Hooks.initialize(Hooks.java:41)

  Given Search for Marina Beach              # com.qa.stepdef.GoogleMapsStepDef.searchForMarinaBeach()
  And Get Directions                         # com.qa.stepdef.GoogleMapsStepDef.getDirections()
  Then Get the Distance                      # com.qa.stepdef.GoogleMapsStepDef.getDistance()
</system-out>
  </testcase>
</testsuite>